{"level":"info","time":"2025-08-01T17:44:24+07:00","caller":"/home/truonghoang/Documents/Dev/Go/seta-training-exercise/collab-service/pkg/logger/logger.go:56","message":"Server starting on port 8080"}
{"level":"info","time":"2025-08-01T17:44:24+07:00","caller":"/home/truonghoang/Documents/Dev/Go/seta-training-exercise/collab-service/pkg/logger/logger.go:56","message":"Swagger at http://localhost:8080/swagger/index.html"}
{"level":"info","userId":"","role":"","time":"2025-08-01T17:44:36+07:00","caller":"/home/truonghoang/Documents/Dev/Go/seta-training-exercise/collab-service/pkg/logger/logger.go:56","message":"Unauthorized access"}
{"level":"info","time":"2025-08-01T17:44:36+07:00","caller":"/home/truonghoang/Documents/Dev/Go/seta-training-exercise/collab-service/pkg/logger/logger.go:56","message":"HTTP Request"}
{"level":"info","userId":"","role":"","time":"2025-08-01T17:47:00+07:00","caller":"/home/truonghoang/Documents/Dev/Go/seta-training-exercise/collab-service/pkg/logger/logger.go:56","message":"Unauthorized access"}
{"level":"info","time":"2025-08-01T17:47:00+07:00","caller":"/home/truonghoang/Documents/Dev/Go/seta-training-exercise/collab-service/pkg/logger/logger.go:56","message":"HTTP Request"}
{"level":"info","time":"2025-08-01T17:47:08+07:00","caller":"/home/truonghoang/Documents/Dev/Go/seta-training-exercise/collab-service/pkg/logger/logger.go:56","message":"Server starting on port 8080"}
{"level":"info","time":"2025-08-01T17:47:08+07:00","caller":"/home/truonghoang/Documents/Dev/Go/seta-training-exercise/collab-service/pkg/logger/logger.go:56","message":"Swagger at http://localhost:8080/swagger/index.html"}
{"level":"info","userId":"","role":"","time":"2025-08-01T17:47:09+07:00","caller":"/home/truonghoang/Documents/Dev/Go/seta-training-exercise/collab-service/pkg/logger/logger.go:56","message":"Unauthorized access"}
{"level":"info","time":"2025-08-01T17:47:09+07:00","caller":"/home/truonghoang/Documents/Dev/Go/seta-training-exercise/collab-service/pkg/logger/logger.go:56","message":"HTTP Request"}
{"level":"info","time":"2025-08-01T17:50:14+07:00","caller":"/home/truonghoang/Documents/Dev/Go/seta-training-exercise/collab-service/pkg/logger/logger.go:56","message":"Server starting on port 8080"}
{"level":"info","time":"2025-08-01T17:50:14+07:00","caller":"/home/truonghoang/Documents/Dev/Go/seta-training-exercise/collab-service/pkg/logger/logger.go:56","message":"Swagger at http://localhost:8080/swagger/index.html"}
{"level":"info","userId":"","role":"","time":"2025-08-01T17:50:16+07:00","caller":"/home/truonghoang/Documents/Dev/Go/seta-training-exercise/collab-service/pkg/logger/logger.go:56","message":"Unauthorized access"}
{"level":"info","time":"2025-08-01T17:50:16+07:00","caller":"/home/truonghoang/Documents/Dev/Go/seta-training-exercise/collab-service/pkg/logger/logger.go:56","message":"HTTP Request"}
{"level":"info","userId":"","role":"","time":"2025-08-01T17:50:18+07:00","caller":"/home/truonghoang/Documents/Dev/Go/seta-training-exercise/collab-service/pkg/logger/logger.go:56","message":"Unauthorized access"}
{"level":"info","time":"2025-08-01T17:50:18+07:00","caller":"/home/truonghoang/Documents/Dev/Go/seta-training-exercise/collab-service/pkg/logger/logger.go:56","message":"HTTP Request"}
{"level":"info","userId":"","role":"","time":"2025-08-01T17:50:18+07:00","caller":"/home/truonghoang/Documents/Dev/Go/seta-training-exercise/collab-service/pkg/logger/logger.go:56","message":"Unauthorized access"}
{"level":"info","time":"2025-08-01T17:50:18+07:00","caller":"/home/truonghoang/Documents/Dev/Go/seta-training-exercise/collab-service/pkg/logger/logger.go:56","message":"HTTP Request"}
{"level":"info","userId":"","role":"","time":"2025-08-01T17:50:18+07:00","caller":"/home/truonghoang/Documents/Dev/Go/seta-training-exercise/collab-service/pkg/logger/logger.go:56","message":"Unauthorized access"}
{"level":"info","time":"2025-08-01T17:50:18+07:00","caller":"/home/truonghoang/Documents/Dev/Go/seta-training-exercise/collab-service/pkg/logger/logger.go:56","message":"HTTP Request"}
{"level":"info","userId":"","role":"","time":"2025-08-01T17:50:20+07:00","caller":"/home/truonghoang/Documents/Dev/Go/seta-training-exercise/collab-service/pkg/logger/logger.go:56","message":"Unauthorized access"}
{"level":"info","time":"2025-08-01T17:50:20+07:00","caller":"/home/truonghoang/Documents/Dev/Go/seta-training-exercise/collab-service/pkg/logger/logger.go:56","message":"HTTP Request"}
{"level":"info","userId":"","role":"","time":"2025-08-01T17:50:24+07:00","caller":"/home/truonghoang/Documents/Dev/Go/seta-training-exercise/collab-service/pkg/logger/logger.go:56","message":"Unauthorized access"}
{"level":"info","time":"2025-08-01T17:50:24+07:00","caller":"/home/truonghoang/Documents/Dev/Go/seta-training-exercise/collab-service/pkg/logger/logger.go:56","message":"HTTP Request"}
{"level":"info","userId":"","role":"","time":"2025-08-01T17:50:24+07:00","caller":"/home/truonghoang/Documents/Dev/Go/seta-training-exercise/collab-service/pkg/logger/logger.go:56","message":"Unauthorized access"}
{"level":"info","time":"2025-08-01T17:50:24+07:00","caller":"/home/truonghoang/Documents/Dev/Go/seta-training-exercise/collab-service/pkg/logger/logger.go:56","message":"HTTP Request"}
{"level":"info","time":"2025-08-01T17:51:07+07:00","caller":"/home/truonghoang/Documents/Dev/Go/seta-training-exercise/collab-service/pkg/logger/logger.go:56","message":"Server starting on port 8080"}
{"level":"info","time":"2025-08-01T17:51:07+07:00","caller":"/home/truonghoang/Documents/Dev/Go/seta-training-exercise/collab-service/pkg/logger/logger.go:56","message":"Swagger at http://localhost:8080/swagger/index.html"}
{"level":"info","time":"2025-08-01T17:51:09+07:00","caller":"/home/truonghoang/Documents/Dev/Go/seta-training-exercise/collab-service/pkg/logger/logger.go:56","message":"HTTP Request"}
{"level":"info","time":"2025-08-01T17:55:16+07:00","caller":"/home/truonghoang/Documents/Dev/Go/seta-training-exercise/collab-service/pkg/logger/logger.go:56","message":"HTTP Request"}
{"level":"info","time":"2025-08-01T17:59:03+07:00","caller":"/home/truonghoang/Documents/Dev/Go/seta-training-exercise/collab-service/pkg/logger/logger.go:56","message":"HTTP Request"}
{"level":"info","time":"2025-08-01T17:59:08+07:00","caller":"/home/truonghoang/Documents/Dev/Go/seta-training-exercise/collab-service/pkg/logger/logger.go:56","message":"Server starting on port 8080"}
{"level":"info","time":"2025-08-01T17:59:08+07:00","caller":"/home/truonghoang/Documents/Dev/Go/seta-training-exercise/collab-service/pkg/logger/logger.go:56","message":"Swagger at http://localhost:8080/swagger/index.html"}
{"level":"info","userId":"","role":"","time":"2025-08-01T17:59:10+07:00","caller":"/home/truonghoang/Documents/Dev/Go/seta-training-exercise/collab-service/pkg/logger/logger.go:56","message":"Unauthorized access"}
{"level":"info","time":"2025-08-01T17:59:10+07:00","caller":"/home/truonghoang/Documents/Dev/Go/seta-training-exercise/collab-service/pkg/logger/logger.go:56","message":"HTTP Request"}
{"level":"info","time":"2025-08-01T18:01:47+07:00","caller":"/home/truonghoang/Documents/Dev/Go/seta-training-exercise/collab-service/pkg/logger/logger.go:56","message":"Server starting on port 8080"}
{"level":"info","time":"2025-08-01T18:01:47+07:00","caller":"/home/truonghoang/Documents/Dev/Go/seta-training-exercise/collab-service/pkg/logger/logger.go:56","message":"Swagger at http://localhost:8080/swagger/index.html"}
{"level":"info","userId":"1ae9c039-2fa4-4ef0-9dab-8ad7f00c43cd","role":"MEMBER","time":"2025-08-01T18:01:50+07:00","caller":"/home/truonghoang/Documents/Dev/Go/seta-training-exercise/collab-service/pkg/logger/logger.go:56","message":"Unauthorized access"}
{"level":"info","time":"2025-08-01T18:01:50+07:00","caller":"/home/truonghoang/Documents/Dev/Go/seta-training-exercise/collab-service/pkg/logger/logger.go:56","message":"HTTP Request"}
{"level":"info","time":"2025-08-01T21:59:36+07:00","caller":"/home/truonghoang/Documents/Dev/Go/seta-training-exercise/collab-service/pkg/logger/logger.go:56","message":"HTTP Request"}
{"level":"info","managerId":"string","error":"graphql: user not found: ERROR: invalid input syntax for type uuid: \"string\" (SQLSTATE 22P02)","time":"2025-08-01T22:13:15+07:00","caller":"/home/truonghoang/Documents/Dev/Go/seta-training-exercise/collab-service/pkg/logger/logger.go:56","message":"Manager not found"}
{"level":"info","time":"2025-08-01T22:13:15+07:00","caller":"/home/truonghoang/Documents/Dev/Go/seta-training-exercise/collab-service/pkg/logger/logger.go:56","message":"HTTP Request"}
{"level":"info","managerId":"string","error":"graphql: user not found: ERROR: invalid input syntax for type uuid: \"string\" (SQLSTATE 22P02)","time":"2025-08-01T22:13:21+07:00","caller":"/home/truonghoang/Documents/Dev/Go/seta-training-exercise/collab-service/pkg/logger/logger.go:56","message":"Manager not found"}
{"level":"info","time":"2025-08-01T22:13:21+07:00","caller":"/home/truonghoang/Documents/Dev/Go/seta-training-exercise/collab-service/pkg/logger/logger.go:56","message":"HTTP Request"}
{"level":"info","time":"2025-08-01T22:14:50+07:00","caller":"/home/truonghoang/Documents/Dev/Go/seta-training-exercise/collab-service/pkg/logger/logger.go:56","message":"HTTP Request"}
{"level":"info","time":"2025-08-01T22:16:17+07:00","caller":"/home/truonghoang/Documents/Dev/Go/seta-training-exercise/collab-service/pkg/logger/logger.go:56","message":"Server starting on port 8080"}
{"level":"info","time":"2025-08-01T22:16:17+07:00","caller":"/home/truonghoang/Documents/Dev/Go/seta-training-exercise/collab-service/pkg/logger/logger.go:56","message":"Swagger at http://localhost:8080/swagger/index.html"}
{"level":"info","time":"2025-08-01T22:16:20+07:00","caller":"/home/truonghoang/Documents/Dev/Go/seta-training-exercise/collab-service/pkg/logger/logger.go:56","message":"HTTP Request"}
{"level":"info","time":"2025-08-01T22:24:20+07:00","caller":"/home/truonghoang/Documents/Dev/Go/seta-training-exercise/collab-service/pkg/logger/logger.go:56","message":"Server starting on port 8080"}
{"level":"info","time":"2025-08-01T22:24:20+07:00","caller":"/home/truonghoang/Documents/Dev/Go/seta-training-exercise/collab-service/pkg/logger/logger.go:56","message":"Swagger at http://localhost:8080/swagger/index.html"}
{"level":"info","time":"2025-08-01T22:26:38+07:00","caller":"/home/truonghoang/Documents/Dev/Go/seta-training-exercise/collab-service/pkg/logger/logger.go:56","message":"HTTP Request"}
{"level":"info","time":"2025-08-01T22:27:03+07:00","caller":"/home/truonghoang/Documents/Dev/Go/seta-training-exercise/collab-service/pkg/logger/logger.go:56","message":"HTTP Request"}
{"level":"info","time":"2025-08-01T22:27:14+07:00","caller":"/home/truonghoang/Documents/Dev/Go/seta-training-exercise/collab-service/pkg/logger/logger.go:56","message":"HTTP Request"}
{"level":"info","time":"2025-08-01T22:27:18+07:00","caller":"/home/truonghoang/Documents/Dev/Go/seta-training-exercise/collab-service/pkg/logger/logger.go:56","message":"HTTP Request"}
{"level":"info","time":"2025-08-01T22:29:00+07:00","caller":"/home/truonghoang/Documents/Dev/Go/seta-training-exercise/collab-service/pkg/logger/logger.go:56","message":"Server starting on port 8080"}
{"level":"info","time":"2025-08-01T22:29:00+07:00","caller":"/home/truonghoang/Documents/Dev/Go/seta-training-exercise/collab-service/pkg/logger/logger.go:56","message":"Swagger at http://localhost:8080/swagger/index.html"}
{"level":"info","time":"2025-08-01T22:31:49+07:00","caller":"/home/truonghoang/Documents/Dev/Go/seta-training-exercise/collab-service/pkg/logger/logger.go:56","message":"HTTP Request"}
{"level":"info","time":"2025-08-01T22:32:54+07:00","caller":"/home/truonghoang/Documents/Dev/Go/seta-training-exercise/collab-service/pkg/logger/logger.go:56","message":"HTTP Request"}
{"level":"info","time":"2025-08-01T22:34:47+07:00","caller":"/home/truonghoang/Documents/Dev/Go/seta-training-exercise/collab-service/pkg/logger/logger.go:56","message":"Server starting on port 8080"}
{"level":"info","time":"2025-08-01T22:34:47+07:00","caller":"/home/truonghoang/Documents/Dev/Go/seta-training-exercise/collab-service/pkg/logger/logger.go:56","message":"Swagger at http://localhost:8080/swagger/index.html"}
{"level":"info","time":"2025-08-01T22:34:51+07:00","caller":"/home/truonghoang/Documents/Dev/Go/seta-training-exercise/collab-service/pkg/logger/logger.go:56","message":"HTTP Request"}
{"level":"info","time":"2025-08-01T22:37:28+07:00","caller":"/home/truonghoang/Documents/Dev/Go/seta-training-exercise/collab-service/pkg/logger/logger.go:56","message":"HTTP Request"}
{"level":"info","time":"2025-08-01T22:40:48+07:00","caller":"/home/truonghoang/Documents/Dev/Go/seta-training-exercise/collab-service/pkg/logger/logger.go:56","message":"Server starting on port 8080"}
{"level":"info","time":"2025-08-01T22:40:48+07:00","caller":"/home/truonghoang/Documents/Dev/Go/seta-training-exercise/collab-service/pkg/logger/logger.go:56","message":"Swagger at http://localhost:8080/swagger/index.html"}
{"level":"info","time":"2025-08-01T22:41:24+07:00","caller":"/home/truonghoang/Documents/Dev/Go/seta-training-exercise/collab-service/pkg/logger/logger.go:56","message":"HTTP Request"}
{"level":"info","time":"2025-08-01T22:41:28+07:00","caller":"/home/truonghoang/Documents/Dev/Go/seta-training-exercise/collab-service/pkg/logger/logger.go:56","message":"HTTP Request"}
{"level":"info","time":"2025-08-01T22:41:28+07:00","caller":"/home/truonghoang/Documents/Dev/Go/seta-training-exercise/collab-service/pkg/logger/logger.go:56","message":"HTTP Request"}
{"level":"info","time":"2025-08-01T22:41:29+07:00","caller":"/home/truonghoang/Documents/Dev/Go/seta-training-exercise/collab-service/pkg/logger/logger.go:56","message":"HTTP Request"}
{"level":"info","time":"2025-08-01T22:41:29+07:00","caller":"/home/truonghoang/Documents/Dev/Go/seta-training-exercise/collab-service/pkg/logger/logger.go:56","message":"HTTP Request"}
{"level":"info","time":"2025-08-01T22:41:29+07:00","caller":"/home/truonghoang/Documents/Dev/Go/seta-training-exercise/collab-service/pkg/logger/logger.go:56","message":"HTTP Request"}
{"level":"info","time":"2025-08-01T22:41:29+07:00","caller":"/home/truonghoang/Documents/Dev/Go/seta-training-exercise/collab-service/pkg/logger/logger.go:56","message":"HTTP Request"}
{"level":"info","time":"2025-08-01T22:41:30+07:00","caller":"/home/truonghoang/Documents/Dev/Go/seta-training-exercise/collab-service/pkg/logger/logger.go:56","message":"HTTP Request"}
{"level":"info","time":"2025-08-01T22:41:30+07:00","caller":"/home/truonghoang/Documents/Dev/Go/seta-training-exercise/collab-service/pkg/logger/logger.go:56","message":"HTTP Request"}
{"level":"info","time":"2025-08-01T22:41:30+07:00","caller":"/home/truonghoang/Documents/Dev/Go/seta-training-exercise/collab-service/pkg/logger/logger.go:56","message":"HTTP Request"}
{"level":"info","time":"2025-08-01T22:41:30+07:00","caller":"/home/truonghoang/Documents/Dev/Go/seta-training-exercise/collab-service/pkg/logger/logger.go:56","message":"HTTP Request"}
{"level":"info","time":"2025-08-01T22:41:30+07:00","caller":"/home/truonghoang/Documents/Dev/Go/seta-training-exercise/collab-service/pkg/logger/logger.go:56","message":"HTTP Request"}
{"level":"info","time":"2025-08-01T22:41:30+07:00","caller":"/home/truonghoang/Documents/Dev/Go/seta-training-exercise/collab-service/pkg/logger/logger.go:56","message":"HTTP Request"}
{"level":"info","time":"2025-08-01T22:41:31+07:00","caller":"/home/truonghoang/Documents/Dev/Go/seta-training-exercise/collab-service/pkg/logger/logger.go:56","message":"HTTP Request"}
{"level":"info","time":"2025-08-01T22:41:31+07:00","caller":"/home/truonghoang/Documents/Dev/Go/seta-training-exercise/collab-service/pkg/logger/logger.go:56","message":"HTTP Request"}
{"level":"info","time":"2025-08-01T22:41:31+07:00","caller":"/home/truonghoang/Documents/Dev/Go/seta-training-exercise/collab-service/pkg/logger/logger.go:56","message":"HTTP Request"}
{"level":"info","time":"2025-08-01T22:41:31+07:00","caller":"/home/truonghoang/Documents/Dev/Go/seta-training-exercise/collab-service/pkg/logger/logger.go:56","message":"HTTP Request"}
{"level":"info","time":"2025-08-01T22:41:31+07:00","caller":"/home/truonghoang/Documents/Dev/Go/seta-training-exercise/collab-service/pkg/logger/logger.go:56","message":"HTTP Request"}
{"level":"info","time":"2025-08-01T22:41:31+07:00","caller":"/home/truonghoang/Documents/Dev/Go/seta-training-exercise/collab-service/pkg/logger/logger.go:56","message":"HTTP Request"}
{"level":"info","time":"2025-08-01T22:41:32+07:00","caller":"/home/truonghoang/Documents/Dev/Go/seta-training-exercise/collab-service/pkg/logger/logger.go:56","message":"HTTP Request"}
{"level":"info","time":"2025-08-01T22:41:32+07:00","caller":"/home/truonghoang/Documents/Dev/Go/seta-training-exercise/collab-service/pkg/logger/logger.go:56","message":"HTTP Request"}
{"level":"info","time":"2025-08-01T22:41:32+07:00","caller":"/home/truonghoang/Documents/Dev/Go/seta-training-exercise/collab-service/pkg/logger/logger.go:56","message":"HTTP Request"}
{"level":"info","time":"2025-08-01T22:41:43+07:00","caller":"/home/truonghoang/Documents/Dev/Go/seta-training-exercise/collab-service/pkg/logger/logger.go:56","message":"HTTP Request"}
{"level":"info","time":"2025-08-01T22:41:43+07:00","caller":"/home/truonghoang/Documents/Dev/Go/seta-training-exercise/collab-service/pkg/logger/logger.go:56","message":"HTTP Request"}
{"level":"info","time":"2025-08-01T22:41:43+07:00","caller":"/home/truonghoang/Documents/Dev/Go/seta-training-exercise/collab-service/pkg/logger/logger.go:56","message":"HTTP Request"}
{"level":"info","time":"2025-08-01T22:41:45+07:00","caller":"/home/truonghoang/Documents/Dev/Go/seta-training-exercise/collab-service/pkg/logger/logger.go:56","message":"HTTP Request"}
{"level":"info","time":"2025-08-01T22:46:24+07:00","caller":"/home/truonghoang/Documents/Dev/Go/seta-training-exercise/collab-service/pkg/logger/logger.go:66","message":"Server starting on port 8080"}
{"level":"info","time":"2025-08-01T22:46:24+07:00","caller":"/home/truonghoang/Documents/Dev/Go/seta-training-exercise/collab-service/pkg/logger/logger.go:66","message":"Swagger at http://localhost:8080/swagger/index.html"}
{"level":"info","method":"GET","path":"/api/folders/28da4650-eebb-41be-878f-f26090019310","status":200,"latency":2053404,"time":"2025-08-01T22:46:30+07:00","caller":"/home/truonghoang/Documents/Dev/Go/seta-training-exercise/collab-service/pkg/logger/logger.go:66","message":"Request handled"}
{"level":"info","method":"GET","path":"/api/folders/28da4650-eebb-41be-878f-f26090019310","status":200,"latency":1195605,"time":"2025-08-01T22:46:31+07:00","caller":"/home/truonghoang/Documents/Dev/Go/seta-training-exercise/collab-service/pkg/logger/logger.go:66","message":"Request handled"}
{"level":"info","method":"GET","path":"/api/folders/28da4650-eebb-41be-878f-f26090019310","status":200,"latency":1187190,"time":"2025-08-01T22:46:33+07:00","caller":"/home/truonghoang/Documents/Dev/Go/seta-training-exercise/collab-service/pkg/logger/logger.go:66","message":"Request handled"}
{"level":"info","method":"GET","path":"/api/folders/28da4650-eebb-41be-878f-f26090019310","status":200,"latency":1128118,"time":"2025-08-01T22:46:34+07:00","caller":"/home/truonghoang/Documents/Dev/Go/seta-training-exercise/collab-service/pkg/logger/logger.go:66","message":"Request handled"}
{"level":"info","method":"GET","path":"/api/folders/28da4650-eebb-41be-878f-f26090019310","status":200,"latency":1723958,"time":"2025-08-01T22:46:34+07:00","caller":"/home/truonghoang/Documents/Dev/Go/seta-training-exercise/collab-service/pkg/logger/logger.go:66","message":"Request handled"}
{"level":"info","method":"GET","path":"/api/folders/28da4650-eebb-41be-878f-f26090019310","status":200,"latency":1123637,"time":"2025-08-01T22:46:34+07:00","caller":"/home/truonghoang/Documents/Dev/Go/seta-training-exercise/collab-service/pkg/logger/logger.go:66","message":"Request handled"}
{"level":"info","method":"GET","path":"/api/folders/28da4650-eebb-41be-878f-f26090019310","status":200,"latency":918818,"time":"2025-08-01T22:46:34+07:00","caller":"/home/truonghoang/Documents/Dev/Go/seta-training-exercise/collab-service/pkg/logger/logger.go:66","message":"Request handled"}
{"level":"info","method":"GET","path":"/api/folders/28da4650-eebb-41be-878f-f26090019310","status":200,"latency":1067431,"time":"2025-08-01T22:46:35+07:00","caller":"/home/truonghoang/Documents/Dev/Go/seta-training-exercise/collab-service/pkg/logger/logger.go:66","message":"Request handled"}
{"level":"info","time":"2025-08-01T22:56:20+07:00","caller":"/home/truonghoang/Documents/Dev/Go/seta-training-exercise/collab-service/pkg/logger/logger.go:66","message":"Server starting on port 8080"}
{"level":"info","time":"2025-08-01T22:56:20+07:00","caller":"/home/truonghoang/Documents/Dev/Go/seta-training-exercise/collab-service/pkg/logger/logger.go:66","message":"Swagger at http://localhost:8080/swagger/index.html"}
{"level":"info","method":"POST","path":"/api/notes","status":401,"latency":1015198,"time":"2025-08-01T23:03:10+07:00","caller":"/home/truonghoang/Documents/Dev/Go/seta-training-exercise/collab-service/pkg/logger/logger.go:66","message":"Request handled"}
{"level":"info","noteId":"dcea3c2b-76e0-4e7d-8802-e24d8fbd44d6","ownerId":"fc07822f-55b4-4040-a622-0dde10bf7028","time":"2025-08-01T23:03:32+07:00","caller":"/home/truonghoang/Documents/Dev/Go/seta-training-exercise/collab-service/pkg/logger/logger.go:66","message":"Note created successfully"}
{"level":"info","method":"POST","path":"/api/notes","status":201,"latency":2354491,"time":"2025-08-01T23:03:32+07:00","caller":"/home/truonghoang/Documents/Dev/Go/seta-training-exercise/collab-service/pkg/logger/logger.go:66","message":"Request handled"}
{"level":"info","time":"2025-08-01T23:04:18+07:00","caller":"/home/truonghoang/Documents/Dev/Go/seta-training-exercise/collab-service/pkg/logger/logger.go:66","message":"Server starting on port 8080"}
{"level":"info","time":"2025-08-01T23:04:18+07:00","caller":"/home/truonghoang/Documents/Dev/Go/seta-training-exercise/collab-service/pkg/logger/logger.go:66","message":"Swagger at http://localhost:8080/swagger/index.html"}
{"level":"info","folderId":"28da4650-eebb-41be-878f-f26090019310","userId":"fc07822f-55b4-4040-a622-0dde10bf7028","time":"2025-08-01T23:04:49+07:00","caller":"/home/truonghoang/Documents/Dev/Go/seta-training-exercise/collab-service/pkg/logger/logger.go:66","message":"Folder deleted successfully"}
{"level":"info","method":"DELETE","path":"/api/folders/28da4650-eebb-41be-878f-f26090019310","status":200,"latency":10636175,"time":"2025-08-01T23:04:49+07:00","caller":"/home/truonghoang/Documents/Dev/Go/seta-training-exercise/collab-service/pkg/logger/logger.go:66","message":"Request handled"}
